Performing C SOURCE FILE Test CMAKE_HAVE_LIBC_PTHREAD failed with the following output:
Change Dir: /home/ss21mipt/Documents/starkit/DIPLOMA/YOEO/yoeo/detectwebcam_IR_cpp/CMakeFiles/CMakeTmp

Run Build Command(s):/usr/bin/make -f Makefile cmTC_fab67/fast && /usr/bin/make  -f CMakeFiles/cmTC_fab67.dir/build.make CMakeFiles/cmTC_fab67.dir/build
make[1]: Entering directory '/home/ss21mipt/Documents/starkit/DIPLOMA/YOEO/yoeo/detectwebcam_IR_cpp/CMakeFiles/CMakeTmp'
Building C object CMakeFiles/cmTC_fab67.dir/src.c.o
/usr/bin/cc -DCMAKE_HAVE_LIBC_PTHREAD   -o CMakeFiles/cmTC_fab67.dir/src.c.o -c /home/ss21mipt/Documents/starkit/DIPLOMA/YOEO/yoeo/detectwebcam_IR_cpp/CMakeFiles/CMakeTmp/src.c
Linking C executable cmTC_fab67
/usr/local/bin/cmake -E cmake_link_script CMakeFiles/cmTC_fab67.dir/link.txt --verbose=1
/usr/bin/cc CMakeFiles/cmTC_fab67.dir/src.c.o -o cmTC_fab67 
/usr/bin/ld: CMakeFiles/cmTC_fab67.dir/src.c.o: in function `main':
src.c:(.text+0x46): undefined reference to `pthread_create'
/usr/bin/ld: src.c:(.text+0x52): undefined reference to `pthread_detach'
/usr/bin/ld: src.c:(.text+0x5e): undefined reference to `pthread_cancel'
/usr/bin/ld: src.c:(.text+0x6f): undefined reference to `pthread_join'
collect2: error: ld returned 1 exit status
make[1]: *** [CMakeFiles/cmTC_fab67.dir/build.make:99: cmTC_fab67] Error 1
make[1]: Leaving directory '/home/ss21mipt/Documents/starkit/DIPLOMA/YOEO/yoeo/detectwebcam_IR_cpp/CMakeFiles/CMakeTmp'
make: *** [Makefile:127: cmTC_fab67/fast] Error 2


Source file was:
#include <pthread.h>

static void* test_func(void* data)
{
  return data;
}

int main(void)
{
  pthread_t thread;
  pthread_create(&thread, NULL, test_func, NULL);
  pthread_detach(thread);
  pthread_cancel(thread);
  pthread_join(thread, NULL);
  pthread_atfork(NULL, NULL, NULL);
  pthread_exit(NULL);

  return 0;
}

Determining if the function pthread_create exists in the pthreads failed with the following output:
Change Dir: /home/ss21mipt/Documents/starkit/DIPLOMA/YOEO/yoeo/detectwebcam_IR_cpp/CMakeFiles/CMakeTmp

Run Build Command(s):/usr/bin/make -f Makefile cmTC_a5bd0/fast && /usr/bin/make  -f CMakeFiles/cmTC_a5bd0.dir/build.make CMakeFiles/cmTC_a5bd0.dir/build
make[1]: Entering directory '/home/ss21mipt/Documents/starkit/DIPLOMA/YOEO/yoeo/detectwebcam_IR_cpp/CMakeFiles/CMakeTmp'
Building C object CMakeFiles/cmTC_a5bd0.dir/CheckFunctionExists.c.o
/usr/bin/cc   -DCHECK_FUNCTION_EXISTS=pthread_create -o CMakeFiles/cmTC_a5bd0.dir/CheckFunctionExists.c.o -c /usr/local/share/cmake-3.20/Modules/CheckFunctionExists.c
Linking C executable cmTC_a5bd0
/usr/local/bin/cmake -E cmake_link_script CMakeFiles/cmTC_a5bd0.dir/link.txt --verbose=1
/usr/bin/cc  -DCHECK_FUNCTION_EXISTS=pthread_create CMakeFiles/cmTC_a5bd0.dir/CheckFunctionExists.c.o -o cmTC_a5bd0  -lpthreads 
/usr/bin/ld: cannot find -lpthreads
collect2: error: ld returned 1 exit status
make[1]: *** [CMakeFiles/cmTC_a5bd0.dir/build.make:99: cmTC_a5bd0] Error 1
make[1]: Leaving directory '/home/ss21mipt/Documents/starkit/DIPLOMA/YOEO/yoeo/detectwebcam_IR_cpp/CMakeFiles/CMakeTmp'
make: *** [Makefile:127: cmTC_a5bd0/fast] Error 2



